\BOOKMARK [1][-]{section.1}{Number\040and\040Algebra}{}% 1
\BOOKMARK [2][-]{subsection.1.1}{Sequences\040and\040Series}{section.1}% 2
\BOOKMARK [2][-]{subsection.1.2}{Exponents\040and\040Logarithms}{section.1}% 3
\BOOKMARK [2][-]{subsection.1.3}{Proof}{section.1}% 4
\BOOKMARK [2][-]{subsection.1.4}{Counting\040and\040Binomial\040Theorem}{section.1}% 5
\BOOKMARK [2][-]{subsection.1.5}{Partial\040Fraction}{section.1}% 6
\BOOKMARK [2][-]{subsection.1.6}{Complex\040Number}{section.1}% 7
\BOOKMARK [3][-]{subsubsection.1.6.1}{Introduction}{subsection.1.6}% 8
\BOOKMARK [3][-]{subsubsection.1.6.2}{Argand\040Diagram}{subsection.1.6}% 9
\BOOKMARK [3][-]{subsubsection.1.6.3}{Complex\040Number\040in\040Other\040Forms}{subsection.1.6}% 10
\BOOKMARK [3][-]{subsubsection.1.6.4}{Power\040of\040Complex\040Number}{subsection.1.6}% 11
\BOOKMARK [3][-]{subsubsection.1.6.5}{Polynomial\040Function\040with\040Complex\040Roots}{subsection.1.6}% 12
\BOOKMARK [3][-]{subsubsection.1.6.6}{Root\040of\040Complex\040Numbers}{subsection.1.6}% 13
\BOOKMARK [1][-]{section.2}{Functions}{}% 14
\BOOKMARK [2][-]{subsection.2.1}{Foundations\040of\040Functions}{section.2}% 15
\BOOKMARK [2][-]{subsection.2.2}{Quadratic\040Functions}{section.2}% 16
\BOOKMARK [2][-]{subsection.2.3}{Higher\040Order\040Polynomial\040Functions}{section.2}% 17
\BOOKMARK [2][-]{subsection.2.4}{Rational\040Functions}{section.2}% 18
\BOOKMARK [2][-]{subsection.2.5}{Transformation\040of\040Functions}{section.2}% 19
\BOOKMARK [2][-]{subsection.2.6}{Exponential\040and\040Logarithmic\040Functions}{section.2}% 20
\BOOKMARK [1][-]{section.3}{Trigonometry\040and\040Geometry}{}% 21
\BOOKMARK [2][-]{subsection.3.1}{Trigonometry}{section.3}% 22
\BOOKMARK [3][-]{subsubsection.3.1.1}{Radian}{subsection.3.1}% 23
\BOOKMARK [3][-]{subsubsection.3.1.2}{Solution\040of\040Triangle}{subsection.3.1}% 24
\BOOKMARK [3][-]{subsubsection.3.1.3}{Definition\040of\040Trigonometric\040Function}{subsection.3.1}% 25
\BOOKMARK [3][-]{subsubsection.3.1.4}{Trigonometric\040Identity}{subsection.3.1}% 26
\BOOKMARK [3][-]{subsubsection.3.1.5}{Trigonometric\040Functions\040and\040Transformation}{subsection.3.1}% 27
\BOOKMARK [3][-]{subsubsection.3.1.6}{Solving\040Trigonometric\040Functions}{subsection.3.1}% 28
\BOOKMARK [3][-]{subsubsection.3.1.7}{Inverse\040Trigonometric\040Functions}{subsection.3.1}% 29
\BOOKMARK [2][-]{subsection.3.2}{Vectors}{section.3}% 30
\BOOKMARK [3][-]{subsubsection.3.2.1}{Introduction\040to\040Vectors}{subsection.3.2}% 31
\BOOKMARK [3][-]{subsubsection.3.2.2}{Scalar\040Product\040and\040Its\040Properties}{subsection.3.2}% 32
\BOOKMARK [3][-]{subsubsection.3.2.3}{Vector\040Equation\040of\040a\040Line}{subsection.3.2}% 33
\BOOKMARK [3][-]{subsubsection.3.2.4}{Vector\040Product\040and\040Properties}{subsection.3.2}% 34
\BOOKMARK [3][-]{subsubsection.3.2.5}{Vector\040Equation\040of\040a\040Plane}{subsection.3.2}% 35
\BOOKMARK [3][-]{subsubsection.3.2.6}{Lines,\040Planes,\040and\040Angles}{subsection.3.2}% 36
\BOOKMARK [1][-]{section.4}{Statistics\040and\040Probability}{}% 37
\BOOKMARK [2][-]{subsection.4.1}{An\040Introduction\040to\040Statistics}{section.4}% 38
\BOOKMARK [2][-]{subsection.4.2}{Linear\040Correlation\040of\040Bivariate\040Data}{section.4}% 39
\BOOKMARK [2][-]{subsection.4.3}{Probability\040and\040Expected\040Outcomes}{section.4}% 40
\BOOKMARK [2][-]{subsection.4.4}{Probability\040Calculations}{section.4}% 41
\BOOKMARK [2][-]{subsection.4.5}{Discrete\040Random\040Variables}{section.4}% 42
\BOOKMARK [2][-]{subsection.4.6}{The\040Binomial\040Distribution}{section.4}% 43
\BOOKMARK [2][-]{subsection.4.7}{The\040Normal\040Distribution\040and\040Curve}{section.4}% 44
\BOOKMARK [2][-]{subsection.4.8}{Probability\040Density\040Function\040\(PDF\)}{section.4}% 45
\BOOKMARK [2][-]{subsection.4.9}{The\040Bayes'\040Theorem}{section.4}% 46
\BOOKMARK [1][-]{section.5}{Calculus}{}% 47
\BOOKMARK [2][-]{subsection.5.1}{Limits}{section.5}% 48
\BOOKMARK [2][-]{subsection.5.2}{Differentiation\040and\040Derivatives}{section.5}% 49
\BOOKMARK [2][-]{subsection.5.3}{Applications\040of\040Derivatives}{section.5}% 50
\BOOKMARK [2][-]{subsection.5.4}{Implicit\040Differentiation}{section.5}% 51
\BOOKMARK [2][-]{subsection.5.5}{Related\040Rate\040of\040Change}{section.5}% 52
\BOOKMARK [2][-]{subsection.5.6}{More\040Limits\040-\040L'Hopital's\040Rule}{section.5}% 53
\BOOKMARK [2][-]{subsection.5.7}{Indefinite\040Integration}{section.5}% 54
\BOOKMARK [2][-]{subsection.5.8}{Approximating\040the\040Area\040Under\040a\040Curve}{section.5}% 55
\BOOKMARK [2][-]{subsection.5.9}{Volumes\040of\040Revolution}{section.5}% 56
\BOOKMARK [2][-]{subsection.5.10}{Differential\040Equation}{section.5}% 57
\BOOKMARK [2][-]{subsection.5.11}{Maclaurin\040Series}{section.5}% 58
